ld_routine
	Loaded a process at input/proc/p0s, PID: 1 PRIO: 0
	CPU 1: Dispatched process  1
	Loaded a process at input/proc/p1s, PID: 2 PRIO: 15
===== PHYSICAL MEMORY AFTER ALLOCATION =====
PID=1 - Region=0 - Address=00000000 - Size=300 byte
print_pgtbl: 0 - 512
00000000: 80000001
00000004: 80000000
Page Number: 0 -> Frame Number: 1
Page Number: 1 -> Frame Number: 0
================================================================
===== PHYSICAL MEMORY AFTER ALLOCATION =====
PID=1 - Region=4 - Address=00000200 - Size=300 byte
print_pgtbl: 0 - 1024
00000000: 80000001
00000004: 80000000
00000008: 80000003
00000012: 80000002
Page Number: 0 -> Frame Number: 1
Page Number: 1 -> Frame Number: 0
Page Number: 2 -> Frame Number: 3
Page Number: 3 -> Frame Number: 2
================================================================
	CPU 0: Dispatched process  2
===== PHYSICAL MEMORY AFTER DEALLOCATION =====
PID=1 - Region=0
	Loaded a process at input/proc/p1s, PID: 3 PRIO: 0
print_pgtbl: 0 - 1024
00000000: 80000001
00000004: 80000000
00000008: 80000003
00000012: 80000002
Page Number: 0 -> Frame Number: 1
Page Number: 1 -> Frame Number: 0
Page Number: 2 -> Frame Number: 3
Page Number: 3 -> Frame Number: 2
================================================================
===== PHYSICAL MEMORY AFTER ALLOCATION =====
PID=1 - Region=1 - Address=00000000 - Size=100 byte
print_pgtbl: 0 - 1024
00000000: 80000001
00000004: 80000000
00000008: 80000003
00000012: 80000002
Page Number: 0 -> Frame Number: 1
Page Number: 1 -> Frame Number: 0
Page Number: 2 -> Frame Number: 3
Page Number: 3 -> Frame Number: 2
================================================================
===== PHYSICAL MEMORY AFTER WRITING =====
write region=1 offset=20 value=100
	Loaded a process at input/proc/p1s, PID: 4 PRIO: 0
print_pgtbl: 0 - 1024
00000000: 80000001
00000004: 80000000
00000008: 80000003
00000012: 80000002
Page Number: 0 -> Frame Number: 1
Page Number: 1 -> Frame Number: 0
Page Number: 2 -> Frame Number: 3
Page Number: 3 -> Frame Number: 2
================================================================
===== PHYSICAL MEMORY DUMP =====
BYTE 00000114: 100
===== PHYSICAL MEMORY END-DUMP =====
================================================================
	CPU 1: Put process  1 to run queue
	CPU 1: Dispatched process  3
	CPU 0: Put process  2 to run queue
	CPU 0: Dispatched process  4
	CPU 1: Put process  3 to run queue
	CPU 1: Dispatched process  1
===== PHYSICAL MEMORY AFTER READING =====
read region=1 offset=20 value=100
print_pgtbl: 0 - 1024
00000000: 80000001
00000004: 80000000
00000008: 80000003
00000012: 80000002
Page Number: 0 -> Frame Number: 1
Page Number: 1 -> Frame Number: 0
Page Number: 2 -> Frame Number: 3
Page Number: 3 -> Frame Number: 2
================================================================
===== PHYSICAL MEMORY DUMP =====
BYTE 00000114: 100
===== PHYSICAL MEMORY END-DUMP =====
================================================================
===== PHYSICAL MEMORY AFTER WRITING =====
write region=2 offset=20 value=102
print_pgtbl: 0 - 1024
00000000: 80000001
00000004: 80000000
00000008: 80000003
00000012: 80000002
Page Number: 0 -> Frame Number: 1
Page Number: 1 -> Frame Number: 0
Page Number: 2 -> Frame Number: 3
Page Number: 3 -> Frame Number: 2
================================================================
===== PHYSICAL MEMORY DUMP =====
BYTE 00000114: 102
===== PHYSICAL MEMORY END-DUMP =====
================================================================
===== PHYSICAL MEMORY AFTER READING =====
read region=2 offset=20 value=102
	CPU 0: Put process  4 to run queue
print_pgtbl: 0 - 1024	CPU 0: Dispatched process  3

00000000: 80000001
00000004: 80000000
00000008: 80000003
00000012: 80000002
Page Number: 0 -> Frame Number: 1
Page Number: 1 -> Frame Number: 0
Page Number: 2 -> Frame Number: 3
Page Number: 3 -> Frame Number: 2
================================================================
===== PHYSICAL MEMORY DUMP =====
BYTE 00000114: 102
===== PHYSICAL MEMORY END-DUMP =====
================================================================
===== PHYSICAL MEMORY AFTER WRITING =====
write region=3 offset=20 value=103
print_pgtbl: 0 - 1024
00000000: 80000001
00000004: 80000000
00000008: 80000003
00000012: 80000002
Page Number: 0 -> Frame Number: 1
Page Number: 1 -> Frame Number: 0
Page Number: 2 -> Frame Number: 3
Page Number: 3 -> Frame Number: 2
================================================================
===== PHYSICAL MEMORY DUMP =====
BYTE 00000114: 103
===== PHYSICAL MEMORY END-DUMP =====
================================================================
===== PHYSICAL MEMORY AFTER READING =====
read region=3 offset=20 value=103
print_pgtbl: 0 - 1024
00000000: 80000001
00000004: 80000000
00000008: 80000003
00000012: 80000002
Page Number: 0 -> Frame Number: 1
Page Number: 1 -> Frame Number: 0
Page Number: 2 -> Frame Number: 3
Page Number: 3 -> Frame Number: 2
================================================================
===== PHYSICAL MEMORY DUMP =====
BYTE 00000114: 103
===== PHYSICAL MEMORY END-DUMP =====
================================================================
	CPU 1: Put process  1 to run queue
	CPU 0: Processed  3 has finished
	CPU 1: Dispatched process  4
	CPU 0: Dispatched process  1
===== PHYSICAL MEMORY AFTER DEALLOCATION =====
PID=1 - Region=4
print_pgtbl: 0 - 1024
00000000: 80000001
00000004: 80000000
00000008: 80000003
00000012: 80000002
Page Number: 0 -> Frame Number: 1
Page Number: 1 -> Frame Number: 0
Page Number: 2 -> Frame Number: 3
Page Number: 3 -> Frame Number: 2
================================================================
	CPU 0: Processed  1 has finished
	CPU 0: Dispatched process  2
	CPU 1: Processed  4 has finished
	CPU 1 stopped
	CPU 0: Processed  2 has finished
	CPU 0 stopped
